[2026-05-29 21:00:00] ERROR: HEAD /api/test-error - Mã lỗi 500 - Error: Lỗi kiểm thử hệ thống log và error handler
    at D:\Code\Projects\e-commeece\backend\src\server.ts:130:9
    at Layer.handleRequest (D:\Code\Projects\e-commeece\backend\node_modules\router\lib\layer.js:152:17)
    at next (D:\Code\Projects\e-commeece\backend\node_modules\router\lib\route.js:157:13)
    at Route.dispatch (D:\Code\Projects\e-commeece\backend\node_modules\router\lib\route.js:117:3)
    at handle (D:\Code\Projects\e-commeece\backend\node_modules\router\index.js:435:11)
    at Layer.handleRequest (D:\Code\Projects\e-commeece\backend\node_modules\router\lib\layer.js:152:17)
    at D:\Code\Projects\e-commeece\backend\node_modules\router\index.js:295:15
    at processParams (D:\Code\Projects\e-commeece\backend\node_modules\router\index.js:582:12)
    at next (D:\Code\Projects\e-commeece\backend\node_modules\router\index.js:291:5)
    at session (D:\Code\Projects\e-commeece\backend\node_modules\express-session\index.js:494:7)
[2026-05-29 21:00:00] ERROR: GET /api/test-error - Mã lỗi 500 - Error: Lỗi kiểm thử hệ thống log và error handler
    at D:\Code\Projects\e-commeece\backend\src\server.ts:130:9
    at Layer.handleRequest (D:\Code\Projects\e-commeece\backend\node_modules\router\lib\layer.js:152:17)
    at next (D:\Code\Projects\e-commeece\backend\node_modules\router\lib\route.js:157:13)
    at Route.dispatch (D:\Code\Projects\e-commeece\backend\node_modules\router\lib\route.js:117:3)
    at handle (D:\Code\Projects\e-commeece\backend\node_modules\router\index.js:435:11)
    at Layer.handleRequest (D:\Code\Projects\e-commeece\backend\node_modules\router\lib\layer.js:152:17)
    at D:\Code\Projects\e-commeece\backend\node_modules\router\index.js:295:15
    at processParams (D:\Code\Projects\e-commeece\backend\node_modules\router\index.js:582:12)
    at next (D:\Code\Projects\e-commeece\backend\node_modules\router\index.js:291:5)
    at session (D:\Code\Projects\e-commeece\backend\node_modules\express-session\index.js:494:7)
[2026-05-29 23:29:49] ERROR: GET /uploads/products/product-1780033373325.jpg - Mã lỗi 500 - Error: Unable to find the session to touch
    at D:\Code\Projects\e-commeece\backend\node_modules\connect-mongo\src\lib\MongoStore.ts:510:27
    at processTicksAndRejections (node:internal/process/task_queues:104:5)
[2026-05-29 23:29:49] ERROR: GET /uploads/products/product-1780035245819.jpg - Mã lỗi 500 - Error: Unable to find the session to touch
    at D:\Code\Projects\e-commeece\backend\node_modules\connect-mongo\src\lib\MongoStore.ts:510:27
    at processTicksAndRejections (node:internal/process/task_queues:104:5)
[2026-05-29 23:29:49] ERROR: GET /uploads/products/product-1780033896219.webp - Mã lỗi 500 - Error: Unable to find the session to touch
    at D:\Code\Projects\e-commeece\backend\node_modules\connect-mongo\src\lib\MongoStore.ts:510:27
    at processTicksAndRejections (node:internal/process/task_queues:104:5)
[2026-05-29 23:29:49] ERROR: GET /uploads/products/product-1780035332657.jpg - Mã lỗi 500 - Error: Unable to find the session to touch
    at D:\Code\Projects\e-commeece\backend\node_modules\connect-mongo\src\lib\MongoStore.ts:510:27
    at processTicksAndRejections (node:internal/process/task_queues:104:5)
[2026-05-29 23:29:49] ERROR: GET /api/products/filters - Mã lỗi 500 - Error: Unable to find the session to touch
    at D:\Code\Projects\e-commeece\backend\node_modules\connect-mongo\src\lib\MongoStore.ts:510:27
    at processTicksAndRejections (node:internal/process/task_queues:104:5)
[2026-05-29 23:39:23] ERROR: GET /uploads/products/product-1780033373325.jpg - Mã lỗi 500 - Error: Unable to find the session to touch
    at D:\Code\Projects\e-commeece\backend\node_modules\connect-mongo\src\lib\MongoStore.ts:510:27
    at processTicksAndRejections (node:internal/process/task_queues:104:5)
[2026-05-29 23:39:23] ERROR: GET /uploads/products/product-1780035245819.jpg - Mã lỗi 500 - Error: Unable to find the session to touch
    at D:\Code\Projects\e-commeece\backend\node_modules\connect-mongo\src\lib\MongoStore.ts:510:27
    at processTicksAndRejections (node:internal/process/task_queues:104:5)
[2026-05-29 23:39:24] ERROR: GET /api/products/filters - Mã lỗi 500 - Error: Unable to find the session to touch
    at D:\Code\Projects\e-commeece\backend\node_modules\connect-mongo\src\lib\MongoStore.ts:510:27
    at processTicksAndRejections (node:internal/process/task_queues:104:5)
[2026-05-29 23:39:24] ERROR: GET /api/users/cart-wishlist - Mã lỗi 500 - Error: Unable to find the session to touch
    at D:\Code\Projects\e-commeece\backend\node_modules\connect-mongo\src\lib\MongoStore.ts:510:27
    at processTicksAndRejections (node:internal/process/task_queues:104:5)
[2026-05-29 23:44:38] ERROR: GET /api/products?page=1&limit=12 - Mã lỗi 500 - Error: Unable to find the session to touch
    at D:\Code\Projects\e-commeece\backend\node_modules\connect-mongo\src\lib\MongoStore.ts:510:27
    at processTicksAndRejections (node:internal/process/task_queues:104:5)
[2026-05-29 23:44:38] ERROR: GET /api/products/filters - Mã lỗi 500 - Error: Unable to find the session to touch
    at D:\Code\Projects\e-commeece\backend\node_modules\connect-mongo\src\lib\MongoStore.ts:510:27
    at processTicksAndRejections (node:internal/process/task_queues:104:5)
[2026-05-29 23:46:15] ERROR: GET /uploads/products/product-1780073003597.jpg - Mã lỗi 500 - Error: Unable to find the session to touch
    at D:\Code\Projects\e-commeece\backend\node_modules\connect-mongo\src\lib\MongoStore.ts:510:27
    at processTicksAndRejections (node:internal/process/task_queues:104:5)
[2026-05-29 23:46:16] ERROR: GET /api/products?page=1&limit=12 - Mã lỗi 500 - Error: Unable to find the session to touch
    at D:\Code\Projects\e-commeece\backend\node_modules\connect-mongo\src\lib\MongoStore.ts:510:27
    at processTicksAndRejections (node:internal/process/task_queues:104:5)
[2026-05-29 23:46:16] ERROR: GET /api/products/filters - Mã lỗi 500 - Error: Unable to find the session to touch
    at D:\Code\Projects\e-commeece\backend\node_modules\connect-mongo\src\lib\MongoStore.ts:510:27
    at processTicksAndRejections (node:internal/process/task_queues:104:5)
[2026-05-30 00:58:51] ERROR: GET /api/products?page=1&limit=12 - Mã lỗi 500 - Error: Unable to find the session to touch
    at D:\Code\Projects\e-commeece\backend\node_modules\connect-mongo\src\lib\MongoStore.ts:510:27
    at processTicksAndRejections (node:internal/process/task_queues:104:5)
[2026-05-30 00:58:51] ERROR: GET /api/products?ids=6a19cbd176eaeeca4489aa26 - Mã lỗi 500 - Error: Unable to find the session to touch
    at D:\Code\Projects\e-commeece\backend\node_modules\connect-mongo\src\lib\MongoStore.ts:510:27
    at processTicksAndRejections (node:internal/process/task_queues:104:5)
[2026-05-30 00:58:51] ERROR: GET /api/products/filters - Mã lỗi 500 - Error: Unable to find the session to touch
    at D:\Code\Projects\e-commeece\backend\node_modules\connect-mongo\src\lib\MongoStore.ts:510:27
    at processTicksAndRejections (node:internal/process/task_queues:104:5)
[2026-05-30 01:04:12] ERROR: GET /api/promos/coupons - Mã lỗi 500 - Error: Unable to find the session to touch
    at D:\Code\Projects\e-commeece\backend\node_modules\connect-mongo\src\lib\MongoStore.ts:510:27
    at processTicksAndRejections (node:internal/process/task_queues:104:5)
[2026-05-30 01:04:13] ERROR: GET /api/products?page=1&limit=12 - Mã lỗi 500 - Error: Unable to find the session to touch
    at D:\Code\Projects\e-commeece\backend\node_modules\connect-mongo\src\lib\MongoStore.ts:510:27
    at processTicksAndRejections (node:internal/process/task_queues:104:5)
[2026-05-30 01:04:13] ERROR: GET /api/users/cart-wishlist - Mã lỗi 500 - Error: Unable to find the session to touch
    at D:\Code\Projects\e-commeece\backend\node_modules\connect-mongo\src\lib\MongoStore.ts:510:27
    at processTicksAndRejections (node:internal/process/task_queues:104:5)
[2026-05-30 01:04:13] ERROR: GET /api/products/filters - Mã lỗi 500 - Error: Unable to find the session to touch
    at D:\Code\Projects\e-commeece\backend\node_modules\connect-mongo\src\lib\MongoStore.ts:510:27
    at processTicksAndRejections (node:internal/process/task_queues:104:5)
[2026-05-30 01:11:39] ERROR: GET /api/products?page=1&limit=12 - Mã lỗi 500 - Error: Unable to find the session to touch
    at D:\Code\Projects\e-commeece\backend\node_modules\connect-mongo\src\lib\MongoStore.ts:510:27
    at processTicksAndRejections (node:internal/process/task_queues:104:5)
[2026-05-30 01:11:40] ERROR: GET /api/users/cart-wishlist - Mã lỗi 500 - Error: Unable to find the session to touch
    at D:\Code\Projects\e-commeece\backend\node_modules\connect-mongo\src\lib\MongoStore.ts:510:27
    at processTicksAndRejections (node:internal/process/task_queues:104:5)
[2026-05-30 01:11:40] ERROR: GET /api/products/filters - Mã lỗi 500 - Error: Unable to find the session to touch
    at D:\Code\Projects\e-commeece\backend\node_modules\connect-mongo\src\lib\MongoStore.ts:510:27
    at processTicksAndRejections (node:internal/process/task_queues:104:5)
